{
  "0 debug pnpm:scope": {
    "selected": 1
  },
  "1 error pnpm": {
    "errno": 1,
    "code": "ELIFECYCLE",
    "pkgid": "stack@1.0.0",
    "stage": "dev",
    "script": "webpack-dev-server",
    "pkgname": "stack",
    "err": {
      "name": "pnpm",
      "message": "stack@1.0.0 dev: `webpack-dev-server`\nExit status 1",
      "code": "ELIFECYCLE",
      "stack": "pnpm: stack@1.0.0 dev: `webpack-dev-server`\nExit status 1\n    at EventEmitter.<anonymous> (D:\\software\\nvm\\v16.4.0\\node_modules\\pnpm\\dist\\pnpm.cjs:105724:20)\n    at EventEmitter.emit (node:events:394:28)\n    at ChildProcess.<anonymous> (D:\\software\\nvm\\v16.4.0\\node_modules\\pnpm\\dist\\pnpm.cjs:92285:18)\n    at ChildProcess.emit (node:events:394:28)\n    at maybeClose (node:internal/child_process:1067:16)\n    at Process.ChildProcess._handle.onexit (node:internal/child_process:301:5)"
    }
  },
  "2 warn pnpm:global": " Local package.json exists, but node_modules missing, did you mean to install?"
}